c:\users\arism\desktop\github\finalprogrammingproject\buggame\x64\debug\vc143.pdb
c:\users\arism\desktop\github\finalprogrammingproject\buggame\x64\debug\window.obj
c:\users\arism\desktop\github\finalprogrammingproject\buggame\x64\debug\state_mainmenu.obj
c:\users\arism\desktop\github\finalprogrammingproject\buggame\x64\debug\state_intro.obj
c:\users\arism\desktop\github\finalprogrammingproject\buggame\x64\debug\statemanager.obj
c:\users\arism\desktop\github\finalprogrammingproject\buggame\x64\debug\main.obj
c:\users\arism\desktop\github\finalprogrammingproject\buggame\x64\debug\game.obj
c:\users\arism\desktop\github\finalprogrammingproject\buggame\x64\debug\eventmanager.obj
c:\users\arism\desktop\github\finalprogrammingproject\buggame\x64\debug\state_game.obj
c:\users\arism\desktop\github\finalprogrammingproject\buggame\x64\debug\state_paused.obj
c:\users\arism\desktop\github\finalprogrammingproject\buggame\x64\debug\spritesheet.obj
c:\users\arism\desktop\github\finalprogrammingproject\buggame\x64\debug\anim_directional.obj
c:\users\arism\desktop\github\finalprogrammingproject\buggame\x64\debug\anim_base.obj
c:\users\arism\desktop\github\finalprogrammingproject\buggame\x64\debug\map.obj
c:\users\arism\desktop\github\finalprogrammingproject\buggame\x64\debug\entitymanager.obj
c:\users\arism\desktop\github\finalprogrammingproject\buggame\x64\debug\s_base.obj
c:\users\arism\desktop\github\finalprogrammingproject\buggame\x64\debug\message.obj
c:\users\arism\desktop\github\finalprogrammingproject\buggame\x64\debug\s_renderer.obj
c:\users\arism\desktop\github\finalprogrammingproject\buggame\x64\debug\systemmanager.obj
c:\users\arism\desktop\github\finalprogrammingproject\buggame\x64\debug\s_state.obj
c:\users\arism\desktop\github\finalprogrammingproject\buggame\x64\debug\s_sheetanimation.obj
c:\users\arism\desktop\github\finalprogrammingproject\buggame\x64\debug\s_movement.obj
c:\users\arism\desktop\github\finalprogrammingproject\buggame\x64\debug\s_control.obj
c:\users\arism\desktop\github\finalprogrammingproject\buggame\x64\debug\s_collision.obj
c:\users\arism\desktop\github\finalprogrammingproject\buggame\x64\debug\state_gameover.obj
c:\users\arism\desktop\github\finalprogrammingproject\x64\debug\buggame.exe
c:\users\arism\desktop\github\finalprogrammingproject\x64\debug\buggame.pdb
c:\users\arism\desktop\github\finalprogrammingproject\buggame\x64\debug\buggame.res
c:\users\arism\desktop\github\finalprogrammingproject\buggame\x64\debug\buggame.ilk
c:\users\arism\desktop\github\finalprogrammingproject\buggame\x64\debug\bug.obj
c:\users\arism\desktop\github\finalprogrammingproject\buggame\x64\debug\character.obj
c:\users\arism\desktop\github\finalprogrammingproject\buggame\x64\debug\enemy.obj
c:\users\arism\desktop\github\finalprogrammingproject\buggame\x64\debug\entitybase.obj
c:\users\arism\desktop\github\finalprogrammingproject\buggame\x64\debug\player.obj
c:\users\arism\desktop\github\finalprogrammingproject\buggame\x64\debug\textbox.obj
c:\users\arism\desktop\github\finalprogrammingproject\buggame\x64\debug\world.obj
c:\users\arism\desktop\github\finalprogrammingproject\buggame\x64\debug\buggame.tlog\cl.command.1.tlog
c:\users\arism\desktop\github\finalprogrammingproject\buggame\x64\debug\buggame.tlog\cl.items.tlog
c:\users\arism\desktop\github\finalprogrammingproject\buggame\x64\debug\buggame.tlog\cl.read.1.tlog
c:\users\arism\desktop\github\finalprogrammingproject\buggame\x64\debug\buggame.tlog\cl.write.1.tlog
c:\users\arism\desktop\github\finalprogrammingproject\buggame\x64\debug\buggame.tlog\link.command.1.tlog
c:\users\arism\desktop\github\finalprogrammingproject\buggame\x64\debug\buggame.tlog\link.read.1.tlog
c:\users\arism\desktop\github\finalprogrammingproject\buggame\x64\debug\buggame.tlog\link.secondary.1.tlog
c:\users\arism\desktop\github\finalprogrammingproject\buggame\x64\debug\buggame.tlog\link.write.1.tlog
c:\users\arism\desktop\github\finalprogrammingproject\buggame\x64\debug\buggame.tlog\rc.command.1.tlog
c:\users\arism\desktop\github\finalprogrammingproject\buggame\x64\debug\buggame.tlog\rc.read.1.tlog
c:\users\arism\desktop\github\finalprogrammingproject\buggame\x64\debug\buggame.tlog\rc.write.1.tlog
